1530040332843	geckodriver	INFO	geckodriver 0.21.0
1530040332850	geckodriver	INFO	Listening on 127.0.0.1:54924
1530040333876	mozrunner::runner	INFO	Running command: "/Applications/Firefox.app/Contents/MacOS/firefox-bin" "-marionette" "-foreground" "-no-remote" "-profile" "/var/folders/2v/p69_31z57pdczjk6239l3qrc0000gn/T/rust_mozprofile.DRQgMIomcoHz"
1530040334238	addons.xpi	WARN	Error parsing extensions state: [Exception... "Component returned failure code: 0x80520012 (NS_ERROR_FILE_NOT_FOUND) [amIAddonManagerStartup.readStartupData]"  nsresult: "0x80520012 (NS_ERROR_FILE_NOT_FOUND)"  location: "JS frame :: resource://gre/modules/addons/XPIProvider.jsm :: loadExtensionState :: line 1596"  data: no] Stack trace: loadExtensionState()@resource://gre/modules/addons/XPIProvider.jsm:1596 < getInstallState()@resource://gre/modules/addons/XPIProvider.jsm:1631 < checkForChanges()@resource://gre/modules/addons/XPIProvider.jsm:3152 < startup()@resource://gre/modules/addons/XPIProvider.jsm:2246 < callProvider()@resource://gre/modules/AddonManager.jsm:271 < _startProvider()@resource://gre/modules/AddonManager.jsm:741 < startup()@resource://gre/modules/AddonManager.jsm:908 < startup()@resource://gre/modules/AddonManager.jsm:3122 < observe()@jar:file:///Applications/Firefox.app/Contents/Resources/omni.ja!/components/addonManager.js:65
1530040334586	Marionette	INFO	Enabled via --marionette
2018-06-26 12:12:16.011 firefox-bin[75400:3950329] IMKInputSession [0x11d751b30 presentFunctionRowItemTextInputViewWithEndpoint:completionHandler:] : [self textInputContext]=0x125180880 *NO* NSRemoteViewController to client, NSError=Error Domain=NSCocoaErrorDomain Code=4097 "connection from pid 0" UserInfo={NSDebugDescription=connection from pid 0}, com.apple.inputmethod.EmojiFunctionRowItem
2018-06-26 12:12:16.178 plugin-container[75405:3950536] *** CFMessagePort: bootstrap_register(): failed 1100 (0x44c) 'Permission denied', port = 0xab33, name = 'com.apple.tsm.portname'
See /usr/include/servers/bootstrap_defs.h for the error codes.
2018-06-26 12:12:16.196 plugin-container[75405:3950536] *** CFMessagePort: bootstrap_register(): failed 1100 (0x44c) 'Permission denied', port = 0xae4b, name = 'com.apple.coredrag'
See /usr/include/servers/bootstrap_defs.h for the error codes.
2018-06-26 12:12:16.339 firefox-bin[75400:3950329] IMKInputSession [0x11d751b30 presentFunctionRowItemTextInputViewWithEndpoint:completionHandler:] : [self textInputContext]=0x125180880 *NO* NSRemoteViewController to client, NSError=Error Domain=NSCocoaErrorDomain Code=4097 "connection from pid 0" UserInfo={NSDebugDescription=connection from pid 0}, com.apple.inputmethod.EmojiFunctionRowItem
1530040336513	Marionette	INFO	Listening on port 54939
JavaScript error: chrome://marionette/content/server.js, line 337: NS_ERROR_SOCKET_ADDRESS_IN_USE: Component returned failure code: 0x804b0036 (NS_ERROR_SOCKET_ADDRESS_IN_USE) [nsIServerSocket.initSpecialConnection]
2018-06-26 12:12:38.853 firefox-bin[75400:3950329] IMKInputSession [0x11d751b30 presentFunctionRowItemTextInputViewWithEndpoint:completionHandler:] : [self textInputContext]=0x125180880 *NO* NSRemoteViewController to client, NSError=Error Domain=NSCocoaErrorDomain Code=4097 "connection from pid 0" UserInfo={NSDebugDescription=connection from pid 0}, com.apple.inputmethod.EmojiFunctionRowItem
2018-06-26 12:12:38.863 firefox-bin[75400:3950329] IMKInputSession [0x11d751b30 presentFunctionRowItemTextInputViewWithEndpoint:completionHandler:] : [self textInputContext]=0x125180880 *NO* NSRemoteViewController to client, NSError=Error Domain=NSCocoaErrorDomain Code=4097 "connection from pid 0" UserInfo={NSDebugDescription=connection from pid 0}, com.apple.inputmethod.EmojiFunctionRowItem
1530040369020	geckodriver	INFO	geckodriver 0.21.0
1530040369026	geckodriver	INFO	Listening on 127.0.0.1:55133
1530040370046	mozrunner::runner	INFO	Running command: "/Applications/Firefox.app/Contents/MacOS/firefox-bin" "-marionette" "-foreground" "-no-remote" "-profile" "/var/folders/2v/p69_31z57pdczjk6239l3qrc0000gn/T/rust_mozprofile.4kzJbhxY7oUJ"
1530040370295	addons.xpi	WARN	Error parsing extensions state: [Exception... "Component returned failure code: 0x80520012 (NS_ERROR_FILE_NOT_FOUND) [amIAddonManagerStartup.readStartupData]"  nsresult: "0x80520012 (NS_ERROR_FILE_NOT_FOUND)"  location: "JS frame :: resource://gre/modules/addons/XPIProvider.jsm :: loadExtensionState :: line 1596"  data: no] Stack trace: loadExtensionState()@resource://gre/modules/addons/XPIProvider.jsm:1596 < getInstallState()@resource://gre/modules/addons/XPIProvider.jsm:1631 < checkForChanges()@resource://gre/modules/addons/XPIProvider.jsm:3152 < startup()@resource://gre/modules/addons/XPIProvider.jsm:2246 < callProvider()@resource://gre/modules/AddonManager.jsm:271 < _startProvider()@resource://gre/modules/AddonManager.jsm:741 < startup()@resource://gre/modules/AddonManager.jsm:908 < startup()@resource://gre/modules/AddonManager.jsm:3122 < observe()@jar:file:///Applications/Firefox.app/Contents/Resources/omni.ja!/components/addonManager.js:65
1530040370577	Marionette	INFO	Enabled via --marionette
2018-06-26 12:12:51.768 firefox-bin[75449:3951222] IMKInputSession [0x11b0131f0 presentFunctionRowItemTextInputViewWithEndpoint:completionHandler:] : [self textInputContext]=0x122bbbb80 *NO* NSRemoteViewController to client, NSError=Error Domain=NSCocoaErrorDomain Code=4097 "connection from pid 0" UserInfo={NSDebugDescription=connection from pid 0}, com.apple.inputmethod.EmojiFunctionRowItem
2018-06-26 12:12:51.940 plugin-container[75451:3951414] *** CFMessagePort: bootstrap_register(): failed 1100 (0x44c) 'Permission denied', port = 0x1510f, name = 'com.apple.tsm.portname'
See /usr/include/servers/bootstrap_defs.h for the error codes.
2018-06-26 12:12:51.961 plugin-container[75451:3951414] *** CFMessagePort: bootstrap_register(): failed 1100 (0x44c) 'Permission denied', port = 0x1504b, name = 'com.apple.coredrag'
See /usr/include/servers/bootstrap_defs.h for the error codes.
2018-06-26 12:12:52.095 firefox-bin[75449:3951222] IMKInputSession [0x11b0131f0 presentFunctionRowItemTextInputViewWithEndpoint:completionHandler:] : [self textInputContext]=0x122bbbb80 *NO* NSRemoteViewController to client, NSError=Error Domain=NSCocoaErrorDomain Code=4097 "connection from pid 0" UserInfo={NSDebugDescription=connection from pid 0}, com.apple.inputmethod.EmojiFunctionRowItem
1530040372304	Marionette	INFO	Listening on port 55152
JavaScript error: chrome://marionette/content/server.js, line 337: NS_ERROR_SOCKET_ADDRESS_IN_USE: Component returned failure code: 0x804b0036 (NS_ERROR_SOCKET_ADDRESS_IN_USE) [nsIServerSocket.initSpecialConnection]
1530040500176	geckodriver	INFO	geckodriver 0.21.0
1530040500183	geckodriver	INFO	Listening on 127.0.0.1:55723
1530040501203	mozrunner::runner	INFO	Running command: "/Applications/Firefox.app/Contents/MacOS/firefox-bin" "-marionette" "-foreground" "-no-remote" "-profile" "/var/folders/2v/p69_31z57pdczjk6239l3qrc0000gn/T/rust_mozprofile.eozDx50Xbiy9"
1530040501444	addons.xpi	WARN	Error parsing extensions state: [Exception... "Component returned failure code: 0x80520012 (NS_ERROR_FILE_NOT_FOUND) [amIAddonManagerStartup.readStartupData]"  nsresult: "0x80520012 (NS_ERROR_FILE_NOT_FOUND)"  location: "JS frame :: resource://gre/modules/addons/XPIProvider.jsm :: loadExtensionState :: line 1596"  data: no] Stack trace: loadExtensionState()@resource://gre/modules/addons/XPIProvider.jsm:1596 < getInstallState()@resource://gre/modules/addons/XPIProvider.jsm:1631 < checkForChanges()@resource://gre/modules/addons/XPIProvider.jsm:3152 < startup()@resource://gre/modules/addons/XPIProvider.jsm:2246 < callProvider()@resource://gre/modules/AddonManager.jsm:271 < _startProvider()@resource://gre/modules/AddonManager.jsm:741 < startup()@resource://gre/modules/AddonManager.jsm:908 < startup()@resource://gre/modules/AddonManager.jsm:3122 < observe()@jar:file:///Applications/Firefox.app/Contents/Resources/omni.ja!/components/addonManager.js:65
1530040501760	Marionette	INFO	Enabled via --marionette
2018-06-26 12:15:02.952 firefox-bin[75639:3955378] IMKInputSession [0x12c027670 presentFunctionRowItemTextInputViewWithEndpoint:completionHandler:] : [self textInputContext]=0x12400f4c0 *NO* NSRemoteViewController to client, NSError=Error Domain=NSCocoaErrorDomain Code=4097 "connection from pid 0" UserInfo={NSDebugDescription=connection from pid 0}, com.apple.inputmethod.EmojiFunctionRowItem
2018-06-26 12:15:03.130 plugin-container[75640:3955567] *** CFMessagePort: bootstrap_register(): failed 1100 (0x44c) 'Permission denied', port = 0x1533b, name = 'com.apple.tsm.portname'
See /usr/include/servers/bootstrap_defs.h for the error codes.
2018-06-26 12:15:03.149 plugin-container[75640:3955567] *** CFMessagePort: bootstrap_register(): failed 1100 (0x44c) 'Permission denied', port = 0xaf1f, name = 'com.apple.coredrag'
See /usr/include/servers/bootstrap_defs.h for the error codes.
2018-06-26 12:15:03.287 firefox-bin[75639:3955378] IMKInputSession [0x12c027670 presentFunctionRowItemTextInputViewWithEndpoint:completionHandler:] : [self textInputContext]=0x12400f4c0 *NO* NSRemoteViewController to client, NSError=Error Domain=NSCocoaErrorDomain Code=4097 "connection from pid 0" UserInfo={NSDebugDescription=connection from pid 0}, com.apple.inputmethod.EmojiFunctionRowItem
1530040503423	Marionette	INFO	Listening on port 55734
JavaScript error: chrome://marionette/content/server.js, line 337: NS_ERROR_SOCKET_ADDRESS_IN_USE: Component returned failure code: 0x804b0036 (NS_ERROR_SOCKET_ADDRESS_IN_USE) [nsIServerSocket.initSpecialConnection]
2018-06-26 12:15:12.139 firefox-bin[75639:3955378] IMKInputSession [0x12c027670 presentFunctionRowItemTextInputViewWithEndpoint:completionHandler:] : [self textInputContext]=0x12400f4c0 *NO* NSRemoteViewController to client, NSError=Error Domain=NSCocoaErrorDomain Code=4097 "connection from pid 0" UserInfo={NSDebugDescription=connection from pid 0}, com.apple.inputmethod.EmojiFunctionRowItem
2018-06-26 12:15:28.535 firefox-bin[75639:3955378] IMKInputSession [0x12c027670 presentFunctionRowItemTextInputViewWithEndpoint:completionHandler:] : [self textInputContext]=0x12400f4c0 *NO* NSRemoteViewController to client, NSError=Error Domain=NSCocoaErrorDomain Code=4097 "connection from pid 0" UserInfo={NSDebugDescription=connection from pid 0}, com.apple.inputmethod.EmojiFunctionRowItem
2018-06-26 12:15:48.392 firefox-bin[75639:3955378] IMKInputSession [0x12c027670 presentFunctionRowItemTextInputViewWithEndpoint:completionHandler:] : [self textInputContext]=0x12400f4c0 *NO* NSRemoteViewController to client, NSError=Error Domain=NSCocoaErrorDomain Code=4097 "connection from pid 0" UserInfo={NSDebugDescription=connection from pid 0}, com.apple.inputmethod.EmojiFunctionRowItem
1530041047774	geckodriver	INFO	geckodriver 0.21.0
1530041047780	geckodriver	INFO	Listening on 127.0.0.1:58189
1530041048792	mozrunner::runner	INFO	Running command: "/Applications/Firefox.app/Contents/MacOS/firefox-bin" "-marionette" "-foreground" "-no-remote" "-profile" "/var/folders/2v/p69_31z57pdczjk6239l3qrc0000gn/T/rust_mozprofile.ltfzg8rRRKPS"
2018-06-26 12:24:10.177 plugin-container[77750:3974255] *** CFMessagePort: bootstrap_register(): failed 1100 (0x44c) 'Permission denied', port = 0x793f, name = 'com.apple.tsm.portname'
See /usr/include/servers/bootstrap_defs.h for the error codes.
2018-06-26 12:24:10.252 plugin-container[77750:3974255] *** CFMessagePort: bootstrap_register(): failed 1100 (0x44c) 'Permission denied', port = 0x802f, name = 'com.apple.coredrag'
See /usr/include/servers/bootstrap_defs.h for the error codes.
2018-06-26 12:24:10.410 plugin-container[77753:3974283] *** CFMessagePort: bootstrap_register(): failed 1100 (0x44c) 'Permission denied', port = 0x7f43, name = 'com.apple.tsm.portname'
See /usr/include/servers/bootstrap_defs.h for the error codes.
2018-06-26 12:24:10.477 plugin-container[77753:3974283] *** CFMessagePort: bootstrap_register(): failed 1100 (0x44c) 'Permission denied', port = 0x2727, name = 'com.apple.coredrag'
See /usr/include/servers/bootstrap_defs.h for the error codes.
1530041050652	Marionette	INFO	Listening on port 58204
1530041050750	Marionette	WARN	TLS certificate errors will be ignored for this session
2018-06-26 12:24:11.138 plugin-container[77754:3974403] *** CFMessagePort: bootstrap_register(): failed 1100 (0x44c) 'Permission denied', port = 0x8603, name = 'com.apple.tsm.portname'
See /usr/include/servers/bootstrap_defs.h for the error codes.
2018-06-26 12:24:11.206 plugin-container[77754:3974403] *** CFMessagePort: bootstrap_register(): failed 1100 (0x44c) 'Permission denied', port = 0x2547, name = 'com.apple.coredrag'
See /usr/include/servers/bootstrap_defs.h for the error codes.
JavaScript error: http://www.waterboards.ca.gov/javascript/hide_functions.txt, line 1: SyntaxError: expected expression, got '<'
JavaScript warning: http://faast.waterboards.ca.gov/_Incapsula_Resource?SWJIYLWA=719d34d31c8e3a6e6fffd425f7e032f3&ns=7&cb=1008046987, line 1: unreachable code after return statement
JavaScript warning: http://faast.waterboards.ca.gov/_Incapsula_Resource?SWJIYLWA=719d34d31c8e3a6e6fffd425f7e032f3&ns=7&cb=1008046987, line 1: unreachable code after return statement
JavaScript warning: http://faast.waterboards.ca.gov/_Incapsula_Resource?SWJIYLWA=719d34d31c8e3a6e6fffd425f7e032f3&ns=7&cb=1008046987 line 1 > eval, line 1: unreachable code after return statement
1530041594959	geckodriver	INFO	geckodriver 0.21.0
1530041594965	geckodriver	INFO	Listening on 127.0.0.1:60475
1530041595979	mozrunner::runner	INFO	Running command: "/Applications/Firefox.app/Contents/MacOS/firefox-bin" "-marionette" "-foreground" "-no-remote" "-profile" "/var/folders/2v/p69_31z57pdczjk6239l3qrc0000gn/T/rust_mozprofile.JQX2MPVQIMos"
2018-06-26 12:33:17.495 plugin-container[78278:3987306] *** CFMessagePort: bootstrap_register(): failed 1100 (0x44c) 'Permission denied', port = 0x813b, name = 'com.apple.tsm.portname'
See /usr/include/servers/bootstrap_defs.h for the error codes.
2018-06-26 12:33:17.711 plugin-container[78278:3987306] *** CFMessagePort: bootstrap_register(): failed 1100 (0x44c) 'Permission denied', port = 0x2747, name = 'com.apple.coredrag'
See /usr/include/servers/bootstrap_defs.h for the error codes.
2018-06-26 12:33:17.757 plugin-container[78279:3987335] *** CFMessagePort: bootstrap_register(): failed 1100 (0x44c) 'Permission denied', port = 0x7c3f, name = 'com.apple.tsm.portname'
See /usr/include/servers/bootstrap_defs.h for the error codes.
2018-06-26 12:33:17.826 plugin-container[78279:3987335] *** CFMessagePort: bootstrap_register(): failed 1100 (0x44c) 'Permission denied', port = 0x2633, name = 'com.apple.coredrag'
See /usr/include/servers/bootstrap_defs.h for the error codes.
1530041598006	Marionette	INFO	Listening on port 60490
1530041598052	Marionette	WARN	TLS certificate errors will be ignored for this session
2018-06-26 12:33:18.469 plugin-container[78280:3987458] *** CFMessagePort: bootstrap_register(): failed 1100 (0x44c) 'Permission denied', port = 0x773f, name = 'com.apple.tsm.portname'
See /usr/include/servers/bootstrap_defs.h for the error codes.
2018-06-26 12:33:18.552 plugin-container[78280:3987458] *** CFMessagePort: bootstrap_register(): failed 1100 (0x44c) 'Permission denied', port = 0x1927, name = 'com.apple.coredrag'
See /usr/include/servers/bootstrap_defs.h for the error codes.
JavaScript error: http://www.waterboards.ca.gov/javascript/hide_functions.txt, line 1: SyntaxError: expected expression, got '<'
JavaScript warning: http://faast.waterboards.ca.gov/_Incapsula_Resource?SWJIYLWA=719d34d31c8e3a6e6fffd425f7e032f3&ns=5&cb=1688601986, line 1: unreachable code after return statement
JavaScript warning: http://faast.waterboards.ca.gov/_Incapsula_Resource?SWJIYLWA=719d34d31c8e3a6e6fffd425f7e032f3&ns=5&cb=1688601986, line 1: unreachable code after return statement
JavaScript warning: http://faast.waterboards.ca.gov/_Incapsula_Resource?SWJIYLWA=719d34d31c8e3a6e6fffd425f7e032f3&ns=5&cb=1688601986 line 1 > eval, line 1: unreachable code after return statement
<<<<<<< HEAD
1530233685117	geckodriver	INFO	geckodriver 0.21.0
1530233685145	geckodriver	INFO	Listening on 127.0.0.1:53527
1530233686103	mozrunner::runner	INFO	Running command: "/Applications/Firefox.app/Contents/MacOS/firefox-bin" "-marionette" "-foreground" "-no-remote" "-profile" "/var/folders/0n/jnh0ptvd7wg6wx9m5qskh_gm0000gn/T/rust_mozprofile.kLOkyoj9tF7n"
2018-06-28 17:54:47.953 plugin-container[3708:466172] *** CFMessagePort: bootstrap_register(): failed 1100 (0x44c) 'Permission denied', port = 0x813f, name = 'com.apple.tsm.portname'
See /usr/include/servers/bootstrap_defs.h for the error codes.
1530233688379	Marionette	INFO	Listening on port 53538
1530233688445	Marionette	WARN	TLS certificate errors will be ignored for this session
2018-06-28 17:54:48.855 plugin-container[3709:466457] *** CFMessagePort: bootstrap_register(): failed 1100 (0x44c) 'Permission denied', port = 0x7503, name = 'com.apple.tsm.portname'
See /usr/include/servers/bootstrap_defs.h for the error codes.
JavaScript error: http://www.waterboards.ca.gov/javascript/hide_functions.txt, line 1: SyntaxError: expected expression, got '<'
JavaScript warning: http://faast.waterboards.ca.gov/_Incapsula_Resource?SWJIYLWA=719d34d31c8e3a6e6fffd425f7e032f3&ns=1&cb=1829932512, line 1: unreachable code after return statement
JavaScript warning: http://faast.waterboards.ca.gov/_Incapsula_Resource?SWJIYLWA=719d34d31c8e3a6e6fffd425f7e032f3&ns=1&cb=1829932512, line 1: unreachable code after return statement
JavaScript warning: http://faast.waterboards.ca.gov/_Incapsula_Resource?SWJIYLWA=719d34d31c8e3a6e6fffd425f7e032f3&ns=1&cb=1829932512 line 1 > eval, line 1: unreachable code after return statement
1530233818963	geckodriver	INFO	geckodriver 0.21.0
1530233818973	geckodriver	INFO	Listening on 127.0.0.1:53693
1530233819960	mozrunner::runner	INFO	Running command: "/Applications/Firefox.app/Contents/MacOS/firefox-bin" "-marionette" "-foreground" "-no-remote" "-profile" "/var/folders/0n/jnh0ptvd7wg6wx9m5qskh_gm0000gn/T/rust_mozprofile.H3Ze0e2NkAfy"
2018-06-28 17:57:01.230 plugin-container[3746:469565] *** CFMessagePort: bootstrap_register(): failed 1100 (0x44c) 'Permission denied', port = 0x7343, name = 'com.apple.tsm.portname'
See /usr/include/servers/bootstrap_defs.h for the error codes.
1530233821579	Marionette	INFO	Listening on port 53704
1530233821593	Marionette	WARN	TLS certificate errors will be ignored for this session
2018-06-28 17:57:02.172 plugin-container[3747:469654] *** CFMessagePort: bootstrap_register(): failed 1100 (0x44c) 'Permission denied', port = 0x743f, name = 'com.apple.tsm.portname'
See /usr/include/servers/bootstrap_defs.h for the error codes.
JavaScript error: http://www.waterboards.ca.gov/javascript/hide_functions.txt, line 1: SyntaxError: expected expression, got '<'
JavaScript warning: http://faast.waterboards.ca.gov/_Incapsula_Resource?SWJIYLWA=719d34d31c8e3a6e6fffd425f7e032f3&ns=1&cb=1939981558, line 1: unreachable code after return statement
JavaScript warning: http://faast.waterboards.ca.gov/_Incapsula_Resource?SWJIYLWA=719d34d31c8e3a6e6fffd425f7e032f3&ns=1&cb=1939981558, line 1: unreachable code after return statement
JavaScript warning: http://faast.waterboards.ca.gov/_Incapsula_Resource?SWJIYLWA=719d34d31c8e3a6e6fffd425f7e032f3&ns=1&cb=1939981558 line 1 > eval, line 1: unreachable code after return statement
1530234557348	geckodriver	INFO	geckodriver 0.21.0
1530234557402	geckodriver	INFO	Listening on 127.0.0.1:54027
1530234558318	mozrunner::runner	INFO	Running command: "/Applications/Firefox.app/Contents/MacOS/firefox-bin" "-marionette" "-foreground" "-no-remote" "-profile" "/var/folders/0n/jnh0ptvd7wg6wx9m5qskh_gm0000gn/T/rust_mozprofile.KH8tbt5mFDQF"
2018-06-28 18:09:19.587 plugin-container[3794:478125] *** CFMessagePort: bootstrap_register(): failed 1100 (0x44c) 'Permission denied', port = 0x8843, name = 'com.apple.tsm.portname'
See /usr/include/servers/bootstrap_defs.h for the error codes.
1530234560015	Marionette	INFO	Listening on port 54034
1530234560055	Marionette	WARN	TLS certificate errors will be ignored for this session
JavaScript error: http://www.waterboards.ca.gov/javascript/hide_functions.txt, line 1: SyntaxError: expected expression, got '<'
JavaScript warning: http://faast.waterboards.ca.gov/_Incapsula_Resource?SWJIYLWA=719d34d31c8e3a6e6fffd425f7e032f3&ns=1&cb=2073828023, line 1: unreachable code after return statement
JavaScript warning: http://faast.waterboards.ca.gov/_Incapsula_Resource?SWJIYLWA=719d34d31c8e3a6e6fffd425f7e032f3&ns=1&cb=2073828023, line 1: unreachable code after return statement
JavaScript warning: http://faast.waterboards.ca.gov/_Incapsula_Resource?SWJIYLWA=719d34d31c8e3a6e6fffd425f7e032f3&ns=1&cb=2073828023 line 1 > eval, line 1: unreachable code after return statement
2018-06-28 18:09:20.969 plugin-container[3795:478215] *** CFMessagePort: bootstrap_register(): failed 1100 (0x44c) 'Permission denied', port = 0x743f, name = 'com.apple.tsm.portname'
See /usr/include/servers/bootstrap_defs.h for the error codes.
[GFX1-]: Receive IPC close with reason=AbnormalShutdown
[Child 3795, Chrome_ChildThread] WARNING: pipe error: Broken pipe: file /builds/worker/workspace/build/src/ipc/chromium/src/chrome/common/ipc_channel_posix.cc, line 709
[GFX1-]: Receive IPC close with reason=AbnormalShutdown
[Child 3794, Chrome_ChildThread] WARNING: pipe error: Broken pipe: file /builds/worker/workspace/build/src/ipc/chromium/src/chrome/common/ipc_channel_posix.cc, line 709
=======
1530133310567	geckodriver	INFO	geckodriver 0.21.0
1530133310577	geckodriver	INFO	Listening on 127.0.0.1:51142
1530133311595	mozrunner::runner	INFO	Running command: "/Applications/Firefox.app/Contents/MacOS/firefox-bin" "-marionette" "-foreground" "-no-remote" "-profile" "/var/folders/2v/p69_31z57pdczjk6239l3qrc0000gn/T/rust_mozprofile.9QbbqUoDZzZg"
2018-06-27 14:01:53.317 plugin-container[55869:5545524] *** CFMessagePort: bootstrap_register(): failed 1100 (0x44c) 'Permission denied', port = 0x8443, name = 'com.apple.tsm.portname'
See /usr/include/servers/bootstrap_defs.h for the error codes.
2018-06-27 14:01:53.713 plugin-container[55870:5545556] *** CFMessagePort: bootstrap_register(): failed 1100 (0x44c) 'Permission denied', port = 0x7f43, name = 'com.apple.tsm.portname'
See /usr/include/servers/bootstrap_defs.h for the error codes.
2018-06-27 14:01:53.722 plugin-container[55869:5545524] *** CFMessagePort: bootstrap_register(): failed 1100 (0x44c) 'Permission denied', port = 0x181b, name = 'com.apple.coredrag'
See /usr/include/servers/bootstrap_defs.h for the error codes.
2018-06-27 14:01:53.802 plugin-container[55870:5545556] *** CFMessagePort: bootstrap_register(): failed 1100 (0x44c) 'Permission denied', port = 0x272b, name = 'com.apple.coredrag'
See /usr/include/servers/bootstrap_defs.h for the error codes.
1530133314021	Marionette	INFO	Listening on port 51157
1530133314072	Marionette	WARN	TLS certificate errors will be ignored for this session
2018-06-27 14:01:54.465 plugin-container[55871:5545677] *** CFMessagePort: bootstrap_register(): failed 1100 (0x44c) 'Permission denied', port = 0x873f, name = 'com.apple.tsm.portname'
See /usr/include/servers/bootstrap_defs.h for the error codes.
2018-06-27 14:01:54.542 plugin-container[55871:5545677] *** CFMessagePort: bootstrap_register(): failed 1100 (0x44c) 'Permission denied', port = 0x191b, name = 'com.apple.coredrag'
See /usr/include/servers/bootstrap_defs.h for the error codes.
JavaScript error: http://www.waterboards.ca.gov/javascript/hide_functions.txt, line 1: SyntaxError: expected expression, got '<'
JavaScript warning: http://faast.waterboards.ca.gov/_Incapsula_Resource?SWJIYLWA=719d34d31c8e3a6e6fffd425f7e032f3&ns=1&cb=881114156, line 1: unreachable code after return statement
JavaScript warning: http://faast.waterboards.ca.gov/_Incapsula_Resource?SWJIYLWA=719d34d31c8e3a6e6fffd425f7e032f3&ns=1&cb=881114156, line 1: unreachable code after return statement
JavaScript warning: http://faast.waterboards.ca.gov/_Incapsula_Resource?SWJIYLWA=719d34d31c8e3a6e6fffd425f7e032f3&ns=1&cb=881114156 line 1 > eval, line 1: unreachable code after return statement
2018-06-27 19:23:50.303 plugin-container[55869:5545524] _mthid_copyDeviceInfo(144115188092633088) failed
2018-06-27 19:23:50.312 plugin-container[55871:5545677] _mthid_copyDeviceInfo(144115188092633088) failed
2018-06-27 19:23:50.315 plugin-container[55870:5545556] _mthid_copyDeviceInfo(144115188092633088) failed
2018-06-27 19:24:09.730 plugin-container[55869:5545524] _mthid_copyDeviceInfo(288230376219157796) failed
2018-06-27 19:24:09.730 plugin-container[55870:5545556] _mthid_copyDeviceInfo(288230376219157796) failed
2018-06-27 19:24:09.731 plugin-container[55871:5545677] _mthid_copyDeviceInfo(288230376219157796) failed
1530245906916	geckodriver	INFO	geckodriver 0.21.0
1530245906927	geckodriver	INFO	Listening on 127.0.0.1:52972
1530245907924	mozrunner::runner	INFO	Running command: "/Applications/Firefox.app/Contents/MacOS/firefox-bin" "-marionette" "-foreground" "-no-remote" "-profile" "/var/folders/2v/p69_31z57pdczjk6239l3qrc0000gn/T/rust_mozprofile.WcYuCIGtZv8R"
2018-06-28 21:18:29.719 plugin-container[10176:7168341] *** CFMessagePort: bootstrap_register(): failed 1100 (0x44c) 'Permission denied', port = 0x783f, name = 'com.apple.tsm.portname'
See /usr/include/servers/bootstrap_defs.h for the error codes.
2018-06-28 21:18:29.872 plugin-container[10177:7168367] *** CFMessagePort: bootstrap_register(): failed 1100 (0x44c) 'Permission denied', port = 0x7e07, name = 'com.apple.tsm.portname'
See /usr/include/servers/bootstrap_defs.h for the error codes.
2018-06-28 21:18:30.024 plugin-container[10176:7168341] *** CFMessagePort: bootstrap_register(): failed 1100 (0x44c) 'Permission denied', port = 0x262b, name = 'com.apple.coredrag'
See /usr/include/servers/bootstrap_defs.h for the error codes.
2018-06-28 21:18:30.027 plugin-container[10177:7168367] *** CFMessagePort: bootstrap_register(): failed 1100 (0x44c) 'Permission denied', port = 0x292f, name = 'com.apple.coredrag'
See /usr/include/servers/bootstrap_defs.h for the error codes.
1530245910291	Marionette	INFO	Listening on port 52987
1530245910379	Marionette	WARN	TLS certificate errors will be ignored for this session
2018-06-28 21:18:30.684 plugin-container[10178:7168517] *** CFMessagePort: bootstrap_register(): failed 1100 (0x44c) 'Permission denied', port = 0x883f, name = 'com.apple.tsm.portname'
See /usr/include/servers/bootstrap_defs.h for the error codes.
2018-06-28 21:18:30.759 plugin-container[10178:7168517] *** CFMessagePort: bootstrap_register(): failed 1100 (0x44c) 'Permission denied', port = 0x181f, name = 'com.apple.coredrag'
See /usr/include/servers/bootstrap_defs.h for the error codes.
JavaScript error: http://www.waterboards.ca.gov/javascript/hide_functions.txt, line 1: SyntaxError: expected expression, got '<'
JavaScript warning: http://faast.waterboards.ca.gov/_Incapsula_Resource?SWJIYLWA=719d34d31c8e3a6e6fffd425f7e032f3&ns=1&cb=1998043856, line 1: unreachable code after return statement
JavaScript warning: http://faast.waterboards.ca.gov/_Incapsula_Resource?SWJIYLWA=719d34d31c8e3a6e6fffd425f7e032f3&ns=1&cb=1998043856, line 1: unreachable code after return statement
JavaScript warning: http://faast.waterboards.ca.gov/_Incapsula_Resource?SWJIYLWA=719d34d31c8e3a6e6fffd425f7e032f3&ns=1&cb=1998043856 line 1 > eval, line 1: unreachable code after return statement
1530246311812	geckodriver	INFO	geckodriver 0.21.0
1530246311818	geckodriver	INFO	Listening on 127.0.0.1:54683
1530246312835	mozrunner::runner	INFO	Running command: "/Applications/Firefox.app/Contents/MacOS/firefox-bin" "-marionette" "-foreground" "-no-remote" "-profile" "/var/folders/2v/p69_31z57pdczjk6239l3qrc0000gn/T/rust_mozprofile.GbdoqjMnKeM8"
2018-06-28 21:25:14.503 plugin-container[10691:7192047] *** CFMessagePort: bootstrap_register(): failed 1100 (0x44c) 'Permission denied', port = 0x803f, name = 'com.apple.tsm.portname'
See /usr/include/servers/bootstrap_defs.h for the error codes.
2018-06-28 21:25:14.734 plugin-container[10691:7192047] *** CFMessagePort: bootstrap_register(): failed 1100 (0x44c) 'Permission denied', port = 0x270b, name = 'com.apple.coredrag'
See /usr/include/servers/bootstrap_defs.h for the error codes.
2018-06-28 21:25:14.828 plugin-container[10692:7192087] *** CFMessagePort: bootstrap_register(): failed 1100 (0x44c) 'Permission denied', port = 0x7c0b, name = 'com.apple.tsm.portname'
See /usr/include/servers/bootstrap_defs.h for the error codes.
2018-06-28 21:25:14.916 plugin-container[10692:7192087] *** CFMessagePort: bootstrap_register(): failed 1100 (0x44c) 'Permission denied', port = 0x272b, name = 'com.apple.coredrag'
See /usr/include/servers/bootstrap_defs.h for the error codes.
1530246314924	Marionette	INFO	Listening on port 54698
1530246315165	Marionette	WARN	TLS certificate errors will be ignored for this session
JavaScript error: http://www.waterboards.ca.gov/javascript/hide_functions.txt, line 1: SyntaxError: expected expression, got '<'
2018-06-28 21:25:15.656 plugin-container[10695:7192317] *** CFMessagePort: bootstrap_register(): failed 1100 (0x44c) 'Permission denied', port = 0x750b, name = 'com.apple.tsm.portname'
See /usr/include/servers/bootstrap_defs.h for the error codes.
JavaScript warning: http://faast.waterboards.ca.gov/_Incapsula_Resource?SWJIYLWA=719d34d31c8e3a6e6fffd425f7e032f3&ns=1&cb=1361263408, line 1: unreachable code after return statement
JavaScript warning: http://faast.waterboards.ca.gov/_Incapsula_Resource?SWJIYLWA=719d34d31c8e3a6e6fffd425f7e032f3&ns=1&cb=1361263408 line 1 > eval, line 1: unreachable code after return statement
2018-06-28 21:25:15.751 plugin-container[10695:7192317] *** CFMessagePort: bootstrap_register(): failed 1100 (0x44c) 'Permission denied', port = 0x7533, name = 'com.apple.coredrag'
See /usr/include/servers/bootstrap_defs.h for the error codes.
1530247932806	geckodriver	INFO	geckodriver 0.21.0
1530247932816	geckodriver	INFO	Listening on 127.0.0.1:61214
1530247933833	mozrunner::runner	INFO	Running command: "/Applications/Firefox.app/Contents/MacOS/firefox-bin" "-marionette" "-foreground" "-no-remote" "-profile" "/var/folders/2v/p69_31z57pdczjk6239l3qrc0000gn/T/rust_mozprofile.yOijQP8mwR3w"
2018-06-28 21:52:15.312 plugin-container[12758:7269432] *** CFMessagePort: bootstrap_register(): failed 1100 (0x44c) 'Permission denied', port = 0x813f, name = 'com.apple.tsm.portname'
See /usr/include/servers/bootstrap_defs.h for the error codes.
2018-06-28 21:52:15.548 plugin-container[12758:7269432] *** CFMessagePort: bootstrap_register(): failed 1100 (0x44c) 'Permission denied', port = 0x180b, name = 'com.apple.coredrag'
See /usr/include/servers/bootstrap_defs.h for the error codes.
2018-06-28 21:52:15.615 plugin-container[12759:7269464] *** CFMessagePort: bootstrap_register(): failed 1100 (0x44c) 'Permission denied', port = 0x7003, name = 'com.apple.tsm.portname'
See /usr/include/servers/bootstrap_defs.h for the error codes.
2018-06-28 21:52:15.713 plugin-container[12759:7269464] *** CFMessagePort: bootstrap_register(): failed 1100 (0x44c) 'Permission denied', port = 0x2647, name = 'com.apple.coredrag'
See /usr/include/servers/bootstrap_defs.h for the error codes.
1530247935913	Marionette	INFO	Listening on port 61229
1530247935988	Marionette	WARN	TLS certificate errors will be ignored for this session
2018-06-28 21:52:16.446 plugin-container[12762:7269590] *** CFMessagePort: bootstrap_register(): failed 1100 (0x44c) 'Permission denied', port = 0x7c03, name = 'com.apple.tsm.portname'
See /usr/include/servers/bootstrap_defs.h for the error codes.
JavaScript error: http://www.waterboards.ca.gov/javascript/hide_functions.txt, line 1: SyntaxError: expected expression, got '<'
2018-06-28 21:52:16.547 plugin-container[12762:7269590] *** CFMessagePort: bootstrap_register(): failed 1100 (0x44c) 'Permission denied', port = 0x172b, name = 'com.apple.coredrag'
See /usr/include/servers/bootstrap_defs.h for the error codes.
JavaScript warning: http://faast.waterboards.ca.gov/_Incapsula_Resource?SWJIYLWA=719d34d31c8e3a6e6fffd425f7e032f3&ns=1&cb=891045820, line 1: unreachable code after return statement
JavaScript warning: http://faast.waterboards.ca.gov/_Incapsula_Resource?SWJIYLWA=719d34d31c8e3a6e6fffd425f7e032f3&ns=1&cb=891045820, line 1: unreachable code after return statement
JavaScript warning: http://faast.waterboards.ca.gov/_Incapsula_Resource?SWJIYLWA=719d34d31c8e3a6e6fffd425f7e032f3&ns=1&cb=891045820 line 1 > eval, line 1: unreachable code after return statement
1530248624700	geckodriver	INFO	geckodriver 0.21.0
1530248624706	geckodriver	INFO	Listening on 127.0.0.1:64059
1530248625727	mozrunner::runner	INFO	Running command: "/Applications/Firefox.app/Contents/MacOS/firefox-bin" "-marionette" "-foreground" "-no-remote" "-profile" "/var/folders/2v/p69_31z57pdczjk6239l3qrc0000gn/T/rust_mozprofile.anxyjCl9iXMG"
2018-06-28 22:03:47.224 plugin-container[13612:7298541] *** CFMessagePort: bootstrap_register(): failed 1100 (0x44c) 'Permission denied', port = 0x7343, name = 'com.apple.tsm.portname'
See /usr/include/servers/bootstrap_defs.h for the error codes.
2018-06-28 22:03:47.462 plugin-container[13612:7298541] *** CFMessagePort: bootstrap_register(): failed 1100 (0x44c) 'Permission denied', port = 0x190b, name = 'com.apple.coredrag'
See /usr/include/servers/bootstrap_defs.h for the error codes.
2018-06-28 22:03:47.525 plugin-container[13614:7298579] *** CFMessagePort: bootstrap_register(): failed 1100 (0x44c) 'Permission denied', port = 0x8137, name = 'com.apple.tsm.portname'
See /usr/include/servers/bootstrap_defs.h for the error codes.
2018-06-28 22:03:47.615 plugin-container[13614:7298579] *** CFMessagePort: bootstrap_register(): failed 1100 (0x44c) 'Permission denied', port = 0x1a0b, name = 'com.apple.coredrag'
See /usr/include/servers/bootstrap_defs.h for the error codes.
1530248627878	Marionette	INFO	Listening on port 64074
1530248627971	Marionette	WARN	TLS certificate errors will be ignored for this session
2018-06-28 22:03:48.297 plugin-container[13616:7298756] *** CFMessagePort: bootstrap_register(): failed 1100 (0x44c) 'Permission denied', port = 0x743b, name = 'com.apple.tsm.portname'
See /usr/include/servers/bootstrap_defs.h for the error codes.
2018-06-28 22:03:48.379 plugin-container[13616:7298756] *** CFMessagePort: bootstrap_register(): failed 1100 (0x44c) 'Permission denied', port = 0x281f, name = 'com.apple.coredrag'
See /usr/include/servers/bootstrap_defs.h for the error codes.
JavaScript error: http://www.waterboards.ca.gov/javascript/hide_functions.txt, line 1: SyntaxError: expected expression, got '<'
JavaScript warning: http://faast.waterboards.ca.gov/_Incapsula_Resource?SWJIYLWA=719d34d31c8e3a6e6fffd425f7e032f3&ns=1&cb=183447825, line 1: unreachable code after return statement
JavaScript warning: http://faast.waterboards.ca.gov/_Incapsula_Resource?SWJIYLWA=719d34d31c8e3a6e6fffd425f7e032f3&ns=1&cb=183447825, line 1: unreachable code after return statement
JavaScript warning: http://faast.waterboards.ca.gov/_Incapsula_Resource?SWJIYLWA=719d34d31c8e3a6e6fffd425f7e032f3&ns=1&cb=183447825 line 1 > eval, line 1: unreachable code after return statement
1530248996729	geckodriver	INFO	geckodriver 0.21.0
1530248996734	geckodriver	INFO	Listening on 127.0.0.1:49287
1530248997755	mozrunner::runner	INFO	Running command: "/Applications/Firefox.app/Contents/MacOS/firefox-bin" "-marionette" "-foreground" "-no-remote" "-profile" "/var/folders/2v/p69_31z57pdczjk6239l3qrc0000gn/T/rust_mozprofile.BTs4ey8N7r4Z"
2018-06-28 22:09:59.225 plugin-container[14168:7316656] *** CFMessagePort: bootstrap_register(): failed 1100 (0x44c) 'Permission denied', port = 0x863f, name = 'com.apple.tsm.portname'
See /usr/include/servers/bootstrap_defs.h for the error codes.
2018-06-28 22:09:59.315 plugin-container[14168:7316656] *** CFMessagePort: bootstrap_register(): failed 1100 (0x44c) 'Permission denied', port = 0x854b, name = 'com.apple.coredrag'
See /usr/include/servers/bootstrap_defs.h for the error codes.
2018-06-28 22:09:59.502 plugin-container[14169:7316686] *** CFMessagePort: bootstrap_register(): failed 1100 (0x44c) 'Permission denied', port = 0x7403, name = 'com.apple.tsm.portname'
See /usr/include/servers/bootstrap_defs.h for the error codes.
2018-06-28 22:09:59.605 plugin-container[14169:7316686] *** CFMessagePort: bootstrap_register(): failed 1100 (0x44c) 'Permission denied', port = 0x194b, name = 'com.apple.coredrag'
See /usr/include/servers/bootstrap_defs.h for the error codes.
1530248999799	Marionette	INFO	Listening on port 49302
1530248999833	Marionette	WARN	TLS certificate errors will be ignored for this session
JavaScript error: http://www.waterboards.ca.gov/javascript/hide_functions.txt, line 1: SyntaxError: expected expression, got '<'
2018-06-28 22:10:00.344 plugin-container[14174:7316818] *** CFMessagePort: bootstrap_register(): failed 1100 (0x44c) 'Permission denied', port = 0x7607, name = 'com.apple.tsm.portname'
See /usr/include/servers/bootstrap_defs.h for the error codes.
2018-06-28 22:10:00.444 plugin-container[14174:7316818] *** CFMessagePort: bootstrap_register(): failed 1100 (0x44c) 'Permission denied', port = 0x863b, name = 'com.apple.coredrag'
See /usr/include/servers/bootstrap_defs.h for the error codes.
JavaScript warning: http://faast.waterboards.ca.gov/_Incapsula_Resource?SWJIYLWA=719d34d31c8e3a6e6fffd425f7e032f3&ns=1&cb=1800142096, line 1: unreachable code after return statement
JavaScript warning: http://faast.waterboards.ca.gov/_Incapsula_Resource?SWJIYLWA=719d34d31c8e3a6e6fffd425f7e032f3&ns=1&cb=1800142096, line 1: unreachable code after return statement
JavaScript warning: http://faast.waterboards.ca.gov/_Incapsula_Resource?SWJIYLWA=719d34d31c8e3a6e6fffd425f7e032f3&ns=1&cb=1800142096 line 1 > eval, line 1: unreachable code after return statement
1530249465059	geckodriver	INFO	geckodriver 0.21.0
1530249465065	geckodriver	INFO	Listening on 127.0.0.1:51490
1530249466083	mozrunner::runner	INFO	Running command: "/Applications/Firefox.app/Contents/MacOS/firefox-bin" "-marionette" "-foreground" "-no-remote" "-profile" "/var/folders/2v/p69_31z57pdczjk6239l3qrc0000gn/T/rust_mozprofile.2i62RWeBDAnM"
2018-06-28 22:17:47.595 plugin-container[14834:7348979] *** CFMessagePort: bootstrap_register(): failed 1100 (0x44c) 'Permission denied', port = 0x8003, name = 'com.apple.tsm.portname'
See /usr/include/servers/bootstrap_defs.h for the error codes.
2018-06-28 22:17:47.699 plugin-container[14834:7348979] *** CFMessagePort: bootstrap_register(): failed 1100 (0x44c) 'Permission denied', port = 0x242b, name = 'com.apple.coredrag'
See /usr/include/servers/bootstrap_defs.h for the error codes.
2018-06-28 22:17:47.906 plugin-container[14835:7349025] *** CFMessagePort: bootstrap_register(): failed 1100 (0x44c) 'Permission denied', port = 0x7a03, name = 'com.apple.tsm.portname'
See /usr/include/servers/bootstrap_defs.h for the error codes.
2018-06-28 22:17:48.006 plugin-container[14835:7349025] *** CFMessagePort: bootstrap_register(): failed 1100 (0x44c) 'Permission denied', port = 0x1a2b, name = 'com.apple.coredrag'
See /usr/include/servers/bootstrap_defs.h for the error codes.
1530249468243	Marionette	INFO	Listening on port 51506
1530249468463	Marionette	WARN	TLS certificate errors will be ignored for this session
JavaScript error: http://www.waterboards.ca.gov/javascript/hide_functions.txt, line 1: SyntaxError: expected expression, got '<'
2018-06-28 22:17:48.973 plugin-container[14836:7349216] *** CFMessagePort: bootstrap_register(): failed 1100 (0x44c) 'Permission denied', port = 0x753f, name = 'com.apple.tsm.portname'
See /usr/include/servers/bootstrap_defs.h for the error codes.
2018-06-28 22:17:49.063 plugin-container[14836:7349216] *** CFMessagePort: bootstrap_register(): failed 1100 (0x44c) 'Permission denied', port = 0x172b, name = 'com.apple.coredrag'
See /usr/include/servers/bootstrap_defs.h for the error codes.
JavaScript warning: http://faast.waterboards.ca.gov/_Incapsula_Resource?SWJIYLWA=719d34d31c8e3a6e6fffd425f7e032f3&ns=1&cb=555152884, line 1: unreachable code after return statement
JavaScript warning: http://faast.waterboards.ca.gov/_Incapsula_Resource?SWJIYLWA=719d34d31c8e3a6e6fffd425f7e032f3&ns=1&cb=555152884, line 1: unreachable code after return statement
JavaScript warning: http://faast.waterboards.ca.gov/_Incapsula_Resource?SWJIYLWA=719d34d31c8e3a6e6fffd425f7e032f3&ns=1&cb=555152884 line 1 > eval, line 1: unreachable code after return statement
1530249970445	geckodriver	INFO	geckodriver 0.21.0
1530249970454	geckodriver	INFO	Listening on 127.0.0.1:53550
1530249971468	mozrunner::runner	INFO	Running command: "/Applications/Firefox.app/Contents/MacOS/firefox-bin" "-marionette" "-foreground" "-no-remote" "-profile" "/var/folders/2v/p69_31z57pdczjk6239l3qrc0000gn/T/rust_mozprofile.8i92UREDgDeN"
2018-06-28 22:26:13.016 plugin-container[15596:7367506] *** CFMessagePort: bootstrap_register(): failed 1100 (0x44c) 'Permission denied', port = 0x8143, name = 'com.apple.tsm.portname'
See /usr/include/servers/bootstrap_defs.h for the error codes.
2018-06-28 22:26:13.238 plugin-container[15596:7367506] *** CFMessagePort: bootstrap_register(): failed 1100 (0x44c) 'Permission denied', port = 0x2747, name = 'com.apple.coredrag'
See /usr/include/servers/bootstrap_defs.h for the error codes.
2018-06-28 22:26:13.311 plugin-container[15597:7367552] *** CFMessagePort: bootstrap_register(): failed 1100 (0x44c) 'Permission denied', port = 0x8637, name = 'com.apple.tsm.portname'
See /usr/include/servers/bootstrap_defs.h for the error codes.
2018-06-28 22:26:13.402 plugin-container[15597:7367552] *** CFMessagePort: bootstrap_register(): failed 1100 (0x44c) 'Permission denied', port = 0x865b, name = 'com.apple.coredrag'
See /usr/include/servers/bootstrap_defs.h for the error codes.
1530249973562	Marionette	INFO	Listening on port 53565
1530249973626	Marionette	WARN	TLS certificate errors will be ignored for this session
2018-06-28 22:26:14.052 plugin-container[15598:7367745] *** CFMessagePort: bootstrap_register(): failed 1100 (0x44c) 'Permission denied', port = 0x7303, name = 'com.apple.tsm.portname'
See /usr/include/servers/bootstrap_defs.h for the error codes.
JavaScript error: http://www.waterboards.ca.gov/javascript/hide_functions.txt, line 1: SyntaxError: expected expression, got '<'
2018-06-28 22:26:14.144 plugin-container[15598:7367745] *** CFMessagePort: bootstrap_register(): failed 1100 (0x44c) 'Permission denied', port = 0x1b23, name = 'com.apple.coredrag'
See /usr/include/servers/bootstrap_defs.h for the error codes.
JavaScript warning: http://faast.waterboards.ca.gov/_Incapsula_Resource?SWJIYLWA=719d34d31c8e3a6e6fffd425f7e032f3&ns=1&cb=440967019, line 1: unreachable code after return statement
JavaScript warning: http://faast.waterboards.ca.gov/_Incapsula_Resource?SWJIYLWA=719d34d31c8e3a6e6fffd425f7e032f3&ns=1&cb=440967019, line 1: unreachable code after return statement
JavaScript warning: http://faast.waterboards.ca.gov/_Incapsula_Resource?SWJIYLWA=719d34d31c8e3a6e6fffd425f7e032f3&ns=1&cb=440967019 line 1 > eval, line 1: unreachable code after return statement
1530250104204	geckodriver	INFO	geckodriver 0.21.0
1530250104211	geckodriver	INFO	Listening on 127.0.0.1:54153
1530250105228	mozrunner::runner	INFO	Running command: "/Applications/Firefox.app/Contents/MacOS/firefox-bin" "-marionette" "-foreground" "-no-remote" "-profile" "/var/folders/2v/p69_31z57pdczjk6239l3qrc0000gn/T/rust_mozprofile.qgDu97UVyg6G"
2018-06-28 22:28:26.957 plugin-container[15792:7375077] *** CFMessagePort: bootstrap_register(): failed 1100 (0x44c) 'Permission denied', port = 0x833f, name = 'com.apple.tsm.portname'
See /usr/include/servers/bootstrap_defs.h for the error codes.
2018-06-28 22:28:27.068 plugin-container[15792:7375077] *** CFMessagePort: bootstrap_register(): failed 1100 (0x44c) 'Permission denied', port = 0x172b, name = 'com.apple.coredrag'
See /usr/include/servers/bootstrap_defs.h for the error codes.
2018-06-28 22:28:27.077 plugin-container[15793:7375113] *** CFMessagePort: bootstrap_register(): failed 1100 (0x44c) 'Permission denied', port = 0x8203, name = 'com.apple.tsm.portname'
See /usr/include/servers/bootstrap_defs.h for the error codes.
2018-06-28 22:28:27.178 plugin-container[15793:7375113] *** CFMessagePort: bootstrap_register(): failed 1100 (0x44c) 'Permission denied', port = 0x272b, name = 'com.apple.coredrag'
See /usr/include/servers/bootstrap_defs.h for the error codes.
1530250107278	Marionette	INFO	Listening on port 54169
1530250107378	Marionette	WARN	TLS certificate errors will be ignored for this session
2018-06-28 22:28:27.819 plugin-container[15796:7375318] *** CFMessagePort: bootstrap_register(): failed 1100 (0x44c) 'Permission denied', port = 0x823f, name = 'com.apple.tsm.portname'
See /usr/include/servers/bootstrap_defs.h for the error codes.
2018-06-28 22:28:27.901 plugin-container[15796:7375318] *** CFMessagePort: bootstrap_register(): failed 1100 (0x44c) 'Permission denied', port = 0x2323, name = 'com.apple.coredrag'
See /usr/include/servers/bootstrap_defs.h for the error codes.
JavaScript error: http://www.waterboards.ca.gov/javascript/hide_functions.txt, line 1: SyntaxError: expected expression, got '<'
JavaScript warning: http://faast.waterboards.ca.gov/_Incapsula_Resource?SWJIYLWA=719d34d31c8e3a6e6fffd425f7e032f3&ns=1&cb=764109351, line 1: unreachable code after return statement
JavaScript warning: http://faast.waterboards.ca.gov/_Incapsula_Resource?SWJIYLWA=719d34d31c8e3a6e6fffd425f7e032f3&ns=1&cb=764109351, line 1: unreachable code after return statement
JavaScript warning: http://faast.waterboards.ca.gov/_Incapsula_Resource?SWJIYLWA=719d34d31c8e3a6e6fffd425f7e032f3&ns=1&cb=764109351 line 1 > eval, line 1: unreachable code after return statement
1530250745603	geckodriver	INFO	geckodriver 0.21.0
1530250745609	geckodriver	INFO	Listening on 127.0.0.1:56831
1530250746630	mozrunner::runner	INFO	Running command: "/Applications/Firefox.app/Contents/MacOS/firefox-bin" "-marionette" "-foreground" "-no-remote" "-profile" "/var/folders/2v/p69_31z57pdczjk6239l3qrc0000gn/T/rust_mozprofile.9k8vpCZhlrdx"
2018-06-28 22:39:08.056 plugin-container[16677:7401364] *** CFMessagePort: bootstrap_register(): failed 1100 (0x44c) 'Permission denied', port = 0x7303, name = 'com.apple.tsm.portname'
See /usr/include/servers/bootstrap_defs.h for the error codes.
2018-06-28 22:39:08.140 plugin-container[16677:7401364] *** CFMessagePort: bootstrap_register(): failed 1100 (0x44c) 'Permission denied', port = 0x282b, name = 'com.apple.coredrag'
See /usr/include/servers/bootstrap_defs.h for the error codes.
2018-06-28 22:39:08.343 plugin-container[16678:7401416] *** CFMessagePort: bootstrap_register(): failed 1100 (0x44c) 'Permission denied', port = 0x7b43, name = 'com.apple.tsm.portname'
See /usr/include/servers/bootstrap_defs.h for the error codes.
2018-06-28 22:39:08.463 plugin-container[16678:7401416] *** CFMessagePort: bootstrap_register(): failed 1100 (0x44c) 'Permission denied', port = 0x1747, name = 'com.apple.coredrag'
See /usr/include/servers/bootstrap_defs.h for the error codes.
1530250748764	Marionette	INFO	Listening on port 56846
1530250748796	Marionette	WARN	TLS certificate errors will be ignored for this session
2018-06-28 22:39:09.121 plugin-container[16681:7401586] *** CFMessagePort: bootstrap_register(): failed 1100 (0x44c) 'Permission denied', port = 0x7a03, name = 'com.apple.tsm.portname'
See /usr/include/servers/bootstrap_defs.h for the error codes.
2018-06-28 22:39:09.201 plugin-container[16681:7401586] *** CFMessagePort: bootstrap_register(): failed 1100 (0x44c) 'Permission denied', port = 0x161f, name = 'com.apple.coredrag'
See /usr/include/servers/bootstrap_defs.h for the error codes.
JavaScript error: http://www.waterboards.ca.gov/javascript/hide_functions.txt, line 1: SyntaxError: expected expression, got '<'
JavaScript warning: http://faast.waterboards.ca.gov/_Incapsula_Resource?SWJIYLWA=719d34d31c8e3a6e6fffd425f7e032f3&ns=1&cb=679572219, line 1: unreachable code after return statement
JavaScript warning: http://faast.waterboards.ca.gov/_Incapsula_Resource?SWJIYLWA=719d34d31c8e3a6e6fffd425f7e032f3&ns=1&cb=679572219, line 1: unreachable code after return statement
JavaScript warning: http://faast.waterboards.ca.gov/_Incapsula_Resource?SWJIYLWA=719d34d31c8e3a6e6fffd425f7e032f3&ns=1&cb=679572219 line 1 > eval, line 1: unreachable code after return statement
1530250794988	geckodriver	INFO	geckodriver 0.21.0
1530250794995	geckodriver	INFO	Listening on 127.0.0.1:57113
1530250796011	mozrunner::runner	INFO	Running command: "/Applications/Firefox.app/Contents/MacOS/firefox-bin" "-marionette" "-foreground" "-no-remote" "-profile" "/var/folders/2v/p69_31z57pdczjk6239l3qrc0000gn/T/rust_mozprofile.DolhKHSmmpgp"
2018-06-28 22:39:57.498 plugin-container[16779:7404390] *** CFMessagePort: bootstrap_register(): failed 1100 (0x44c) 'Permission denied', port = 0x763f, name = 'com.apple.tsm.portname'
See /usr/include/servers/bootstrap_defs.h for the error codes.
2018-06-28 22:39:57.613 plugin-container[16779:7404390] *** CFMessagePort: bootstrap_register(): failed 1100 (0x44c) 'Permission denied', port = 0x2747, name = 'com.apple.coredrag'
See /usr/include/servers/bootstrap_defs.h for the error codes.
2018-06-28 22:39:57.680 plugin-container[16782:7404420] *** CFMessagePort: bootstrap_register(): failed 1100 (0x44c) 'Permission denied', port = 0x8443, name = 'com.apple.tsm.portname'
See /usr/include/servers/bootstrap_defs.h for the error codes.
2018-06-28 22:39:57.797 plugin-container[16782:7404420] *** CFMessagePort: bootstrap_register(): failed 1100 (0x44c) 'Permission denied', port = 0x2747, name = 'com.apple.coredrag'
See /usr/include/servers/bootstrap_defs.h for the error codes.
1530250797968	Marionette	INFO	Listening on port 57128
1530250798059	Marionette	WARN	TLS certificate errors will be ignored for this session
JavaScript error: http://www.waterboards.ca.gov/javascript/hide_functions.txt, line 1: SyntaxError: expected expression, got '<'
2018-06-28 22:39:58.568 plugin-container[16783:7404630] *** CFMessagePort: bootstrap_register(): failed 1100 (0x44c) 'Permission denied', port = 0x8a3f, name = 'com.apple.tsm.portname'
See /usr/include/servers/bootstrap_defs.h for the error codes.
JavaScript warning: http://faast.waterboards.ca.gov/_Incapsula_Resource?SWJIYLWA=719d34d31c8e3a6e6fffd425f7e032f3&ns=1&cb=2011936710, line 1: unreachable code after return statement
JavaScript warning: http://faast.waterboards.ca.gov/_Incapsula_Resource?SWJIYLWA=719d34d31c8e3a6e6fffd425f7e032f3&ns=1&cb=2011936710 line 1 > eval, line 1: unreachable code after return statement
2018-06-28 22:39:58.665 plugin-container[16783:7404630] *** CFMessagePort: bootstrap_register(): failed 1100 (0x44c) 'Permission denied', port = 0x1847, name = 'com.apple.coredrag'
See /usr/include/servers/bootstrap_defs.h for the error codes.
*** UTM:SVC TimerManager:registerTimer called after profile-before-change notification. Ignoring timer registration for id: telemetry_modules_ping
1530251005220	geckodriver	INFO	geckodriver 0.21.0
1530251005226	geckodriver	INFO	Listening on 127.0.0.1:58036
1530251006244	mozrunner::runner	INFO	Running command: "/Applications/Firefox.app/Contents/MacOS/firefox-bin" "-marionette" "-foreground" "-no-remote" "-profile" "/var/folders/2v/p69_31z57pdczjk6239l3qrc0000gn/T/rust_mozprofile.NO1BBZvVHzGv"
2018-06-28 22:43:27.780 plugin-container[17139:7415610] *** CFMessagePort: bootstrap_register(): failed 1100 (0x44c) 'Permission denied', port = 0x883f, name = 'com.apple.tsm.portname'
See /usr/include/servers/bootstrap_defs.h for the error codes.
2018-06-28 22:43:27.909 plugin-container[17139:7415610] *** CFMessagePort: bootstrap_register(): failed 1100 (0x44c) 'Permission denied', port = 0x1747, name = 'com.apple.coredrag'
See /usr/include/servers/bootstrap_defs.h for the error codes.
2018-06-28 22:43:27.992 plugin-container[17140:7415643] *** CFMessagePort: bootstrap_register(): failed 1100 (0x44c) 'Permission denied', port = 0x843f, name = 'com.apple.tsm.portname'
See /usr/include/servers/bootstrap_defs.h for the error codes.
2018-06-28 22:43:28.082 plugin-container[17140:7415643] *** CFMessagePort: bootstrap_register(): failed 1100 (0x44c) 'Permission denied', port = 0x1847, name = 'com.apple.coredrag'
See /usr/include/servers/bootstrap_defs.h for the error codes.
1530251008377	Marionette	INFO	Listening on port 58051
1530251008385	Marionette	WARN	TLS certificate errors will be ignored for this session
2018-06-28 22:43:28.736 plugin-container[17143:7415754] *** CFMessagePort: bootstrap_register(): failed 1100 (0x44c) 'Permission denied', port = 0x7b3b, name = 'com.apple.tsm.portname'
See /usr/include/servers/bootstrap_defs.h for the error codes.
2018-06-28 22:43:28.821 plugin-container[17143:7415754] *** CFMessagePort: bootstrap_register(): failed 1100 (0x44c) 'Permission denied', port = 0x261f, name = 'com.apple.coredrag'
See /usr/include/servers/bootstrap_defs.h for the error codes.
JavaScript error: http://www.waterboards.ca.gov/javascript/hide_functions.txt, line 1: SyntaxError: expected expression, got '<'
JavaScript warning: http://faast.waterboards.ca.gov/_Incapsula_Resource?SWJIYLWA=719d34d31c8e3a6e6fffd425f7e032f3&ns=1&cb=868272333, line 1: unreachable code after return statement
JavaScript warning: http://faast.waterboards.ca.gov/_Incapsula_Resource?SWJIYLWA=719d34d31c8e3a6e6fffd425f7e032f3&ns=1&cb=868272333, line 1: unreachable code after return statement
JavaScript warning: http://faast.waterboards.ca.gov/_Incapsula_Resource?SWJIYLWA=719d34d31c8e3a6e6fffd425f7e032f3&ns=1&cb=868272333 line 1 > eval, line 1: unreachable code after return statement
1530251681476	geckodriver	INFO	geckodriver 0.21.0
1530251681481	geckodriver	INFO	Listening on 127.0.0.1:60820
1530251682494	mozrunner::runner	INFO	Running command: "/Applications/Firefox.app/Contents/MacOS/firefox-bin" "-marionette" "-foreground" "-no-remote" "-profile" "/var/folders/2v/p69_31z57pdczjk6239l3qrc0000gn/T/rust_mozprofile.LEXZQwxD9RtW"
2018-06-28 22:54:44.034 plugin-container[17984:7450840] *** CFMessagePort: bootstrap_register(): failed 1100 (0x44c) 'Permission denied', port = 0x8543, name = 'com.apple.tsm.portname'
See /usr/include/servers/bootstrap_defs.h for the error codes.
2018-06-28 22:54:44.117 plugin-container[17984:7450840] *** CFMessagePort: bootstrap_register(): failed 1100 (0x44c) 'Permission denied', port = 0x832f, name = 'com.apple.coredrag'
See /usr/include/servers/bootstrap_defs.h for the error codes.
2018-06-28 22:54:44.269 plugin-container[17985:7450868] *** CFMessagePort: bootstrap_register(): failed 1100 (0x44c) 'Permission denied', port = 0x7f3b, name = 'com.apple.tsm.portname'
See /usr/include/servers/bootstrap_defs.h for the error codes.
2018-06-28 22:54:44.390 plugin-container[17985:7450868] *** CFMessagePort: bootstrap_register(): failed 1100 (0x44c) 'Permission denied', port = 0x2647, name = 'com.apple.coredrag'
See /usr/include/servers/bootstrap_defs.h for the error codes.
1530251684569	Marionette	INFO	Listening on port 60835
1530251684680	Marionette	WARN	TLS certificate errors will be ignored for this session
2018-06-28 22:54:45.060 plugin-container[17986:7450993] *** CFMessagePort: bootstrap_register(): failed 1100 (0x44c) 'Permission denied', port = 0x7303, name = 'com.apple.tsm.portname'
See /usr/include/servers/bootstrap_defs.h for the error codes.
JavaScript error: http://www.waterboards.ca.gov/javascript/hide_functions.txt, line 1: SyntaxError: expected expression, got '<'
2018-06-28 22:54:45.146 plugin-container[17986:7450993] *** CFMessagePort: bootstrap_register(): failed 1100 (0x44c) 'Permission denied', port = 0x161f, name = 'com.apple.coredrag'
See /usr/include/servers/bootstrap_defs.h for the error codes.
JavaScript warning: http://faast.waterboards.ca.gov/_Incapsula_Resource?SWJIYLWA=719d34d31c8e3a6e6fffd425f7e032f3&ns=1&cb=289904316, line 1: unreachable code after return statement
JavaScript warning: http://faast.waterboards.ca.gov/_Incapsula_Resource?SWJIYLWA=719d34d31c8e3a6e6fffd425f7e032f3&ns=1&cb=289904316, line 1: unreachable code after return statement
JavaScript warning: http://faast.waterboards.ca.gov/_Incapsula_Resource?SWJIYLWA=719d34d31c8e3a6e6fffd425f7e032f3&ns=1&cb=289904316 line 1 > eval, line 1: unreachable code after return statement
>>>>>>> 84cd3427f1c1de6ff78924b9e6e4c700ca8e97ba
